Traceback (most recent call last):
  File "/Users/mac/anaconda3/lib/python3.11/site-packages/jupyter_cache/executors/utils.py", line 58, in single_nb_execution
    executenb(
  File "/Users/mac/anaconda3/lib/python3.11/site-packages/nbclient/client.py", line 1305, in execute
    return NotebookClient(nb=nb, resources=resources, km=km, **kwargs).execute()
           ^^^^^^^^^^^^^^^^^^^^^^^^^^^^^^^^^^^^^^^^^^^^^^^^^^^^^^^^^^^^^^^^^^^^^
  File "/Users/mac/anaconda3/lib/python3.11/site-packages/jupyter_core/utils/__init__.py", line 173, in wrapped
    return loop.run_until_complete(inner)
           ^^^^^^^^^^^^^^^^^^^^^^^^^^^^^^
  File "/Users/mac/anaconda3/lib/python3.11/asyncio/base_events.py", line 653, in run_until_complete
    return future.result()
           ^^^^^^^^^^^^^^^
  File "/Users/mac/anaconda3/lib/python3.11/site-packages/nbclient/client.py", line 705, in async_execute
    await self.async_execute_cell(
  File "/Users/mac/anaconda3/lib/python3.11/site-packages/nbclient/client.py", line 1058, in async_execute_cell
    await self._check_raise_for_error(cell, cell_index, exec_reply)
  File "/Users/mac/anaconda3/lib/python3.11/site-packages/nbclient/client.py", line 914, in _check_raise_for_error
    raise CellExecutionError.from_cell_and_msg(cell, exec_reply_content)
nbclient.exceptions.CellExecutionError: An error occurred while executing the following cell:
------------------
top5_concept_stocks=top5sectorStocks(basename,start_time,end_time,rank0)
------------------

----- stdout -----
æ’åå‰5é¢†æ¶¨æ¿å—æˆåˆ†è‚¡åˆ—è¡¨ã€‚
------------------

[0;31m---------------------------------------------------------------------------[0m
[0;31mKeyError[0m                                  Traceback (most recent call last)
Cell [0;32mIn[16], line 1[0m
[0;32m----> 1[0m top5_concept_stocks[38;5;241m=[39mtop5sectorStocks(basename,start_time,end_time,rank0)

Cell [0;32mIn[14], line 40[0m, in [0;36mtop5sectorStocks[0;34m(basename, start_time, end_time, sectorRankDf, sectorNum, stockNum)[0m
[1;32m     38[0m tStr [38;5;241m=[39m start_time[38;5;241m.[39mstrftime([38;5;124m"[39m[38;5;124m%[39m[38;5;124mY[39m[38;5;124m%[39m[38;5;124mm[39m[38;5;132;01m%d[39;00m[38;5;124m%[39m[38;5;124mH[39m[38;5;124m%[39m[38;5;124mM[39m[38;5;124m"[39m)
[1;32m     39[0m [38;5;28mprint[39m([38;5;124m'[39m[38;5;124mæ’åå‰5é¢†æ¶¨æ¿å—æˆåˆ†è‚¡åˆ—è¡¨ã€‚[39m[38;5;124m'[39m)
[0;32m---> 40[0m [38;5;28;01mfor[39;00m sym [38;5;129;01min[39;00m sectorRankDf[[38;5;124m'[39m[38;5;124mæ¿å—åç§°[39m[38;5;124m'[39m][38;5;241m.[39mto_list()[:[38;5;241m5[39m]:
[1;32m     41[0m     csvfile[38;5;241m=[39m[38;5;124mf[39m[38;5;124m'[39m[38;5;132;01m{[39;00mbasename[38;5;132;01m}[39;00m[38;5;124m_[39m[38;5;132;01m{[39;00msym[38;5;132;01m}[39;00m[38;5;132;01m{[39;00mtStr[38;5;132;01m}[39;00m[38;5;124m.txt[39m[38;5;124m'[39m
[1;32m     42[0m     [38;5;28;01mif[39;00m now[38;5;241m.[39mtime() [38;5;241m<[39m end_time [38;5;129;01mand[39;00m now[38;5;241m.[39mtime() [38;5;241m>[39m[38;5;241m=[39m start_time:

File [0;32m~/anaconda3/lib/python3.11/site-packages/pandas/core/frame.py:4090[0m, in [0;36mDataFrame.__getitem__[0;34m(self, key)[0m
[1;32m   4088[0m [38;5;28;01mif[39;00m [38;5;28mself[39m[38;5;241m.[39mcolumns[38;5;241m.[39mnlevels [38;5;241m>[39m [38;5;241m1[39m:
[1;32m   4089[0m     [38;5;28;01mreturn[39;00m [38;5;28mself[39m[38;5;241m.[39m_getitem_multilevel(key)
[0;32m-> 4090[0m indexer [38;5;241m=[39m [38;5;28mself[39m[38;5;241m.[39mcolumns[38;5;241m.[39mget_loc(key)
[1;32m   4091[0m [38;5;28;01mif[39;00m is_integer(indexer):
[1;32m   4092[0m     indexer [38;5;241m=[39m [indexer]

File [0;32m~/anaconda3/lib/python3.11/site-packages/pandas/core/indexes/range.py:417[0m, in [0;36mRangeIndex.get_loc[0;34m(self, key)[0m
[1;32m    415[0m         [38;5;28;01mraise[39;00m [38;5;167;01mKeyError[39;00m(key) [38;5;28;01mfrom[39;00m [38;5;21;01merr[39;00m
[1;32m    416[0m [38;5;28;01mif[39;00m [38;5;28misinstance[39m(key, Hashable):
[0;32m--> 417[0m     [38;5;28;01mraise[39;00m [38;5;167;01mKeyError[39;00m(key)
[1;32m    418[0m [38;5;28mself[39m[38;5;241m.[39m_check_indexing_error(key)
[1;32m    419[0m [38;5;28;01mraise[39;00m [38;5;167;01mKeyError[39;00m(key)

[0;31mKeyError[0m: 'æ¿å—åç§°'

