Traceback (most recent call last):
  File "/Users/mac/anaconda3/lib/python3.11/site-packages/jupyter_cache/executors/utils.py", line 58, in single_nb_execution
    executenb(
  File "/Users/mac/anaconda3/lib/python3.11/site-packages/nbclient/client.py", line 1305, in execute
    return NotebookClient(nb=nb, resources=resources, km=km, **kwargs).execute()
           ^^^^^^^^^^^^^^^^^^^^^^^^^^^^^^^^^^^^^^^^^^^^^^^^^^^^^^^^^^^^^^^^^^^^^
  File "/Users/mac/anaconda3/lib/python3.11/site-packages/jupyter_core/utils/__init__.py", line 173, in wrapped
    return loop.run_until_complete(inner)
           ^^^^^^^^^^^^^^^^^^^^^^^^^^^^^^
  File "/Users/mac/anaconda3/lib/python3.11/asyncio/base_events.py", line 653, in run_until_complete
    return future.result()
           ^^^^^^^^^^^^^^^
  File "/Users/mac/anaconda3/lib/python3.11/site-packages/nbclient/client.py", line 705, in async_execute
    await self.async_execute_cell(
  File "/Users/mac/anaconda3/lib/python3.11/site-packages/nbclient/client.py", line 1058, in async_execute_cell
    await self._check_raise_for_error(cell, cell_index, exec_reply)
  File "/Users/mac/anaconda3/lib/python3.11/site-packages/nbclient/client.py", line 914, in _check_raise_for_error
    raise CellExecutionError.from_cell_and_msg(cell, exec_reply_content)
nbclient.exceptions.CellExecutionError: An error occurred while executing the following cell:
------------------
def plotDcStocks(stocksymb,periods):
    stockDict={}
    for p in periods:
        stockdf = ak.stock_zh_a_hist(symbol=stocksymb,period=p)
        stockDict[p]=stockdf
        print(f'å‘¨æœŸï¼š{p}\n{stockdf}')
        plotDcStocks(stockdf,100)
    return stockDic

stocksymb='300339'
periods=['daily','weekly','monthly']
stockDict=plotDcStocks(stocksymb,periods)
------------------

----- stdout -----
å‘¨æœŸï¼šdaily
              æ—¥æœŸ    è‚¡ç¥¨ä»£ç      å¼€ç›˜     æ”¶ç›˜     æœ€é«˜     æœ€ä½Ž      æˆäº¤é‡           æˆäº¤é¢  \
0     2012-07-18  300339  28.00  23.90  28.00  23.21   150973  3.772116e+08   
1     2012-07-19  300339  24.40  24.07  25.30  23.71    93127  2.276391e+08   
2     2012-07-20  300339  24.00  24.19  24.78  23.92    61087  1.484579e+08   
3     2012-07-23  300339  23.51  23.20  23.59  21.78    60498  1.371628e+08   
4     2012-07-24  300339  23.60  25.52  25.52  23.50    81850  2.034769e+08   
...          ...     ...    ...    ...    ...    ...      ...           ...   
2820  2024-10-14  300339  51.30  60.46  60.46  44.00  2453708  1.302834e+10   
2821  2024-10-15  300339  62.06  60.02  71.80  57.01  3878631  2.538808e+10   
2822  2024-10-16  300339  57.24  60.78  63.50  54.77  2669250  1.597357e+10   
2823  2024-10-17  300339  63.00  62.37  69.45  59.19  3066714  1.987702e+10   
2824  2024-10-18  300339  60.20  62.95  66.72  57.01  2749672  1.683875e+10   

         æŒ¯å¹…    æ¶¨è·Œå¹…    æ¶¨è·Œé¢    æ¢æ‰‹çŽ‡  
0     23.49  17.21   3.51  78.67  
1      6.65   0.71   0.17  48.53  
2      3.57   0.50   0.12  31.83  
3      7.48  -4.09  -0.99  31.53  
4      8.71  10.00   2.32  42.65  
...     ...    ...    ...    ...  
2820  32.67  20.01  10.08  31.55  
2821  24.46  -0.73  -0.44  49.87  
2822  14.55   1.27   0.76  34.32  
2823  16.88   2.62   1.59  39.43  
2824  15.57   0.93   0.58  35.36  

[2825 rows x 12 columns]
------------------

[0;31m---------------------------------------------------------------------------[0m
[0;31mTypeError[0m                                 Traceback (most recent call last)
Cell [0;32mIn[27], line 12[0m
[1;32m     10[0m stocksymb[38;5;241m=[39m[38;5;124m'[39m[38;5;124m300339[39m[38;5;124m'[39m
[1;32m     11[0m periods[38;5;241m=[39m[[38;5;124m'[39m[38;5;124mdaily[39m[38;5;124m'[39m,[38;5;124m'[39m[38;5;124mweekly[39m[38;5;124m'[39m,[38;5;124m'[39m[38;5;124mmonthly[39m[38;5;124m'[39m]
[0;32m---> 12[0m stockDict[38;5;241m=[39mplotDcStocks(stocksymb,periods)

Cell [0;32mIn[27], line 7[0m, in [0;36mplotDcStocks[0;34m(stocksymb, periods)[0m
[1;32m      5[0m     stockDict[p][38;5;241m=[39mstockdf
[1;32m      6[0m     [38;5;28mprint[39m([38;5;124mf[39m[38;5;124m'[39m[38;5;124må‘¨æœŸï¼š[39m[38;5;132;01m{[39;00mp[38;5;132;01m}[39;00m[38;5;130;01m\n[39;00m[38;5;132;01m{[39;00mstockdf[38;5;132;01m}[39;00m[38;5;124m'[39m)
[0;32m----> 7[0m     plotDcStocks(stockdf,[38;5;241m100[39m)
[1;32m      8[0m [38;5;28;01mreturn[39;00m stockDic

Cell [0;32mIn[27], line 3[0m, in [0;36mplotDcStocks[0;34m(stocksymb, periods)[0m
[1;32m      1[0m [38;5;28;01mdef[39;00m [38;5;21mplotDcStocks[39m(stocksymb,periods):
[1;32m      2[0m     stockDict[38;5;241m=[39m{}
[0;32m----> 3[0m     [38;5;28;01mfor[39;00m p [38;5;129;01min[39;00m periods:
[1;32m      4[0m         stockdf [38;5;241m=[39m ak[38;5;241m.[39mstock_zh_a_hist(symbol[38;5;241m=[39mstocksymb,period[38;5;241m=[39mp)
[1;32m      5[0m         stockDict[p][38;5;241m=[39mstockdf

[0;31mTypeError[0m: 'int' object is not iterable

