Traceback (most recent call last):
  File "/Users/mac/anaconda3/lib/python3.11/site-packages/jupyter_cache/executors/utils.py", line 58, in single_nb_execution
    executenb(
  File "/Users/mac/anaconda3/lib/python3.11/site-packages/nbclient/client.py", line 1305, in execute
    return NotebookClient(nb=nb, resources=resources, km=km, **kwargs).execute()
           ^^^^^^^^^^^^^^^^^^^^^^^^^^^^^^^^^^^^^^^^^^^^^^^^^^^^^^^^^^^^^^^^^^^^^
  File "/Users/mac/anaconda3/lib/python3.11/site-packages/jupyter_core/utils/__init__.py", line 173, in wrapped
    return loop.run_until_complete(inner)
           ^^^^^^^^^^^^^^^^^^^^^^^^^^^^^^
  File "/Users/mac/anaconda3/lib/python3.11/asyncio/base_events.py", line 653, in run_until_complete
    return future.result()
           ^^^^^^^^^^^^^^^
  File "/Users/mac/anaconda3/lib/python3.11/site-packages/nbclient/client.py", line 705, in async_execute
    await self.async_execute_cell(
  File "/Users/mac/anaconda3/lib/python3.11/site-packages/nbclient/client.py", line 1058, in async_execute_cell
    await self._check_raise_for_error(cell, cell_index, exec_reply)
  File "/Users/mac/anaconda3/lib/python3.11/site-packages/nbclient/client.py", line 914, in _check_raise_for_error
    raise CellExecutionError.from_cell_and_msg(cell, exec_reply_content)
nbclient.exceptions.CellExecutionError: An error occurred while executing the following cell:
------------------
import datetime

# è‚¡ç¥¨ä»£ç åˆ—è¡¨
symbols = ["stock_code1", "stock_code2", "stock_code3"]  # æ›¿æ¢ä¸ºå®é™…è‚¡ç¥¨ä»£ç 

def is_within_trading_hours(current_time):
    # å®šä¹‰äº¤æ˜“æ—¶é—´æ®µ
    morning_start = current_time.replace(hour=9, minute=15, second=0, microsecond=0)
    morning_end = current_time.replace(hour=11, minute=30, second=0, microsecond=0)
    afternoon_start = current_time.replace(hour=13, minute=0, second=0, microsecond=0)
    afternoon_end = current_time.replace(hour=15, minute=0, microsecond=0)
    
    return (morning_start <= current_time <= morning_end) or (afternoon_start <= current_time <= afternoon_end)

def fetch_and_store(symbol):
    # è·å–å½“å‰æ—¶é—´
    current_time = datetime.now()
    print(current_time)

    if is_within_trading_hours(current_time):
        # è·å–è‚¡ç¥¨æ•°æ®
        df = ak.stock_bid_ask_em(symbol=symbol)

        # è½¬æ¢ä¸ºå­—å…¸
        data_dict = df.set_index('item').to_dict()['value']

        # æ·»åŠ æ—¶é—´æˆ³å’Œè‚¡ç¥¨ä»£ç åˆ°æ•°æ®å­—å…¸
        data_dict['timestamp'] = current_time
        data_dict['sym'] = symbol

        # è½¬æ¢æ•°æ®ä¸º DataFrame
        transformed_df = pd.DataFrame([data_dict])

        # å°†æ•°æ®æ’å…¥åˆ° DolphinDB
        s.upload({"data": transformed_df})
        s.run("""
        append!(loadTable("dfs://Quote", "t"), data)
        """)

while True:
    # ä½¿ç”¨å¤šçº¿ç¨‹è·å–å¤šä¸ªè‚¡ç¥¨ä»£ç çš„æ•°æ®
    with ThreadPoolExecutor(max_workers=len(symbols)) as executor:
        executor.map(fetch_and_store, symbols)

    # æ¯3ç§’æ£€æŸ¥ä¸€æ¬¡
    time.sleep(3)
------------------


[0;31m---------------------------------------------------------------------------[0m
[0;31mNameError[0m                                 Traceback (most recent call last)
Cell [0;32mIn[4], line 42[0m
[1;32m     36[0m         s[38;5;241m.[39mrun([38;5;124m"""[39m
[1;32m     37[0m [38;5;124m        append!(loadTable([39m[38;5;124m"[39m[38;5;124mdfs://Quote[39m[38;5;124m"[39m[38;5;124m, [39m[38;5;124m"[39m[38;5;124mt[39m[38;5;124m"[39m[38;5;124m), data)[39m
[1;32m     38[0m [38;5;124m        [39m[38;5;124m"""[39m)
[1;32m     40[0m [38;5;28;01mwhile[39;00m [38;5;28;01mTrue[39;00m:
[1;32m     41[0m     [38;5;66;03m# ä½¿ç”¨å¤šçº¿ç¨‹è·å–å¤šä¸ªè‚¡ç¥¨ä»£ç çš„æ•°æ®[39;00m
[0;32m---> 42[0m     [38;5;28;01mwith[39;00m ThreadPoolExecutor(max_workers[38;5;241m=[39m[38;5;28mlen[39m(symbols)) [38;5;28;01mas[39;00m executor:
[1;32m     43[0m         executor[38;5;241m.[39mmap(fetch_and_store, symbols)
[1;32m     45[0m     [38;5;66;03m# æ¯3ç§’æ£€æŸ¥ä¸€æ¬¡[39;00m

[0;31mNameError[0m: name 'ThreadPoolExecutor' is not defined

