Traceback (most recent call last):
  File "/Users/mac/anaconda3/lib/python3.11/site-packages/jupyter_cache/executors/utils.py", line 58, in single_nb_execution
    executenb(
  File "/Users/mac/anaconda3/lib/python3.11/site-packages/nbclient/client.py", line 1305, in execute
    return NotebookClient(nb=nb, resources=resources, km=km, **kwargs).execute()
           ^^^^^^^^^^^^^^^^^^^^^^^^^^^^^^^^^^^^^^^^^^^^^^^^^^^^^^^^^^^^^^^^^^^^^
  File "/Users/mac/anaconda3/lib/python3.11/site-packages/jupyter_core/utils/__init__.py", line 173, in wrapped
    return loop.run_until_complete(inner)
           ^^^^^^^^^^^^^^^^^^^^^^^^^^^^^^
  File "/Users/mac/anaconda3/lib/python3.11/asyncio/base_events.py", line 653, in run_until_complete
    return future.result()
           ^^^^^^^^^^^^^^^
  File "/Users/mac/anaconda3/lib/python3.11/site-packages/nbclient/client.py", line 705, in async_execute
    await self.async_execute_cell(
  File "/Users/mac/anaconda3/lib/python3.11/site-packages/nbclient/client.py", line 1058, in async_execute_cell
    await self._check_raise_for_error(cell, cell_index, exec_reply)
  File "/Users/mac/anaconda3/lib/python3.11/site-packages/nbclient/client.py", line 914, in _check_raise_for_error
    raise CellExecutionError.from_cell_and_msg(cell, exec_reply_content)
nbclient.exceptions.CellExecutionError: An error occurred while executing the following cell:
------------------
from rich.console import Console
from rich.table import Table

#ç¾Žè§‚æ˜¾ç¤ºDataFrameè¡¨æ ¼
class DataFramePretty(object):
    def __init__(self, df: pd.DataFrame, min_max_cols=[]) -> None:
        self.data = df
        self.min_max_cols = min_max_cols

    def __set_min_max_style(self, df: pd.DataFrame):
        imax = self.data.idxmax()
        imin = self.data.idxmin()

        max_tmpl = "[b on red3]{}[/b on red3]"
        min_tmpl = "[i on green3]{}[/i on green3]"

        for col in self.min_max_cols:
            col_idx = imax.index.tolist().index(col)
            val = df.iloc[imax[col], col_idx]
            df.iloc[imax[col], col_idx] = max_tmpl.format(val)

            col_idx = imin.index.tolist().index(col)
            val = df.iloc[imin[col], col_idx]
            df.iloc[imin[col], col_idx] = min_tmpl.format(val)

    def show(self):
        table = Table(
            title="DataFrame",
            title_style="i on dark_cyan",
            header_style="bold cyan",
        )

        # self.dataæ˜¯åŽŸå§‹æ•°æ®
        # df æ˜¯ç”¨æ¥æ˜¾ç¤ºçš„æ•°æ®
        df = self.data.copy()
        for col in df.columns:
            df[col] = df[col].astype("str")
            table.add_column(col)

        self.__set_min_max_style(df)

        for idx in range(len(df)):
            table.add_row(*df.iloc[idx].tolist())

        console = Console()
        console.print(table)
------------------


[0;31m---------------------------------------------------------------------------[0m
[0;31mNameError[0m                                 Traceback (most recent call last)
Cell [0;32mIn[2], line 5[0m
[1;32m      2[0m [38;5;28;01mfrom[39;00m [38;5;21;01mrich[39;00m[38;5;21;01m.[39;00m[38;5;21;01mtable[39;00m [38;5;28;01mimport[39;00m Table
[1;32m      4[0m [38;5;66;03m#ç¾Žè§‚æ˜¾ç¤ºDataFrameè¡¨æ ¼[39;00m
[0;32m----> 5[0m [38;5;28;01mclass[39;00m [38;5;21;01mDataFramePretty[39;00m([38;5;28mobject[39m):
[1;32m      6[0m     [38;5;28;01mdef[39;00m [38;5;21m__init__[39m([38;5;28mself[39m, df: pd[38;5;241m.[39mDataFrame, min_max_cols[38;5;241m=[39m[]) [38;5;241m-[39m[38;5;241m>[39m [38;5;28;01mNone[39;00m:
[1;32m      7[0m         [38;5;28mself[39m[38;5;241m.[39mdata [38;5;241m=[39m df

Cell [0;32mIn[2], line 6[0m, in [0;36mDataFramePretty[0;34m()[0m
[1;32m      5[0m [38;5;28;01mclass[39;00m [38;5;21;01mDataFramePretty[39;00m([38;5;28mobject[39m):
[0;32m----> 6[0m     [38;5;28;01mdef[39;00m [38;5;21m__init__[39m([38;5;28mself[39m, df: pd[38;5;241m.[39mDataFrame, min_max_cols[38;5;241m=[39m[]) [38;5;241m-[39m[38;5;241m>[39m [38;5;28;01mNone[39;00m:
[1;32m      7[0m         [38;5;28mself[39m[38;5;241m.[39mdata [38;5;241m=[39m df
[1;32m      8[0m         [38;5;28mself[39m[38;5;241m.[39mmin_max_cols [38;5;241m=[39m min_max_cols

[0;31mNameError[0m: name 'pd' is not defined

