Traceback (most recent call last):
  File "/Users/mac/anaconda3/lib/python3.11/site-packages/jupyter_cache/executors/utils.py", line 58, in single_nb_execution
    executenb(
  File "/Users/mac/anaconda3/lib/python3.11/site-packages/nbclient/client.py", line 1305, in execute
    return NotebookClient(nb=nb, resources=resources, km=km, **kwargs).execute()
           ^^^^^^^^^^^^^^^^^^^^^^^^^^^^^^^^^^^^^^^^^^^^^^^^^^^^^^^^^^^^^^^^^^^^^
  File "/Users/mac/anaconda3/lib/python3.11/site-packages/jupyter_core/utils/__init__.py", line 173, in wrapped
    return loop.run_until_complete(inner)
           ^^^^^^^^^^^^^^^^^^^^^^^^^^^^^^
  File "/Users/mac/anaconda3/lib/python3.11/asyncio/base_events.py", line 653, in run_until_complete
    return future.result()
           ^^^^^^^^^^^^^^^
  File "/Users/mac/anaconda3/lib/python3.11/site-packages/nbclient/client.py", line 705, in async_execute
    await self.async_execute_cell(
  File "/Users/mac/anaconda3/lib/python3.11/site-packages/nbclient/client.py", line 1058, in async_execute_cell
    await self._check_raise_for_error(cell, cell_index, exec_reply)
  File "/Users/mac/anaconda3/lib/python3.11/site-packages/nbclient/client.py", line 914, in _check_raise_for_error
    raise CellExecutionError.from_cell_and_msg(cell, exec_reply_content)
nbclient.exceptions.CellExecutionError: An error occurred while executing the following cell:
------------------
def plotDcStocks(stocksymb,periods):
    stockDict={}
    for p in periods:
        stockdf = ak.stock_zh_a_hist(symbol=stocksymb,period=p)
        stockDict[p]=stockdf
        print(f'å‘¨æœŸï¼š{p}\n{stockdf}')
        plotDcStocks(stockdf,100)
    return stockDic

stocksymb='300339'
periods=['daily','weekly','monthly']
stockDict=plotDcStocks(stocksymb,periods)
------------------

----- stdout -----
å‘¨æœŸï¼šdaily
              æ—¥æœŸ    è‚¡ç¥¨ä»£ç      å¼€ç›˜     æ”¶ç›˜     æœ€é«˜     æœ€ä½Ž      æˆäº¤é‡           æˆäº¤é¢  \
0     2012-07-18  300339  28.00  23.90  28.00  23.21   150973  3.772116e+08   
1     2012-07-19  300339  24.40  24.07  25.30  23.71    93127  2.276391e+08   
2     2012-07-20  300339  24.00  24.19  24.78  23.92    61087  1.484579e+08   
3     2012-07-23  300339  23.51  23.20  23.59  21.78    60498  1.371628e+08   
4     2012-07-24  300339  23.60  25.52  25.52  23.50    81850  2.034769e+08   
...          ...     ...    ...    ...    ...    ...      ...           ...   
2827  2024-10-23  300339  64.35  64.03  69.80  60.89  2008470  1.319675e+10   
2828  2024-10-24  300339  61.12  65.99  67.00  60.01  2220302  1.423484e+10   
2829  2024-10-25  300339  64.08  62.59  66.50  62.00  1722580  1.109458e+10   
2830  2024-10-28  300339  62.66  62.59  64.95  60.00  1681162  1.043254e+10   
2831  2024-10-29  300339  62.07  64.60  68.60  61.40  2334846  1.532336e+10   

         æŒ¯å¹…    æ¶¨è·Œå¹…   æ¶¨è·Œé¢    æ¢æ‰‹çŽ‡  
0     23.49  17.21  3.51  78.67  
1      6.65   0.71  0.17  48.53  
2      3.57   0.50  0.12  31.83  
3      7.48  -4.09 -0.99  31.53  
4      8.71  10.00  2.32  42.65  
...     ...    ...   ...    ...  
2827  13.85  -0.44 -0.28  25.83  
2828  10.92   3.06  1.96  28.55  
2829   6.82  -5.15 -3.40  22.15  
2830   7.91   0.00  0.00  21.62  
2831  11.50   3.21  2.01  30.02  

[2832 rows x 12 columns]
------------------

[0;31m---------------------------------------------------------------------------[0m
[0;31mTypeError[0m                                 Traceback (most recent call last)
Cell [0;32mIn[27], line 12[0m
[1;32m     10[0m stocksymb[38;5;241m=[39m[38;5;124m'[39m[38;5;124m300339[39m[38;5;124m'[39m
[1;32m     11[0m periods[38;5;241m=[39m[[38;5;124m'[39m[38;5;124mdaily[39m[38;5;124m'[39m,[38;5;124m'[39m[38;5;124mweekly[39m[38;5;124m'[39m,[38;5;124m'[39m[38;5;124mmonthly[39m[38;5;124m'[39m]
[0;32m---> 12[0m stockDict[38;5;241m=[39mplotDcStocks(stocksymb,periods)

Cell [0;32mIn[27], line 7[0m, in [0;36mplotDcStocks[0;34m(stocksymb, periods)[0m
[1;32m      5[0m     stockDict[p][38;5;241m=[39mstockdf
[1;32m      6[0m     [38;5;28mprint[39m([38;5;124mf[39m[38;5;124m'[39m[38;5;124må‘¨æœŸï¼š[39m[38;5;132;01m{[39;00mp[38;5;132;01m}[39;00m[38;5;130;01m\n[39;00m[38;5;132;01m{[39;00mstockdf[38;5;132;01m}[39;00m[38;5;124m'[39m)
[0;32m----> 7[0m     plotDcStocks(stockdf,[38;5;241m100[39m)
[1;32m      8[0m [38;5;28;01mreturn[39;00m stockDic

Cell [0;32mIn[27], line 3[0m, in [0;36mplotDcStocks[0;34m(stocksymb, periods)[0m
[1;32m      1[0m [38;5;28;01mdef[39;00m [38;5;21mplotDcStocks[39m(stocksymb,periods):
[1;32m      2[0m     stockDict[38;5;241m=[39m{}
[0;32m----> 3[0m     [38;5;28;01mfor[39;00m p [38;5;129;01min[39;00m periods:
[1;32m      4[0m         stockdf [38;5;241m=[39m ak[38;5;241m.[39mstock_zh_a_hist(symbol[38;5;241m=[39mstocksymb,period[38;5;241m=[39mp)
[1;32m      5[0m         stockDict[p][38;5;241m=[39mstockdf

[0;31mTypeError[0m: 'int' object is not iterable

